<?xml version="1.0" encoding="UTF-8"?>
<!-- Generated by org.testng.reporters.JUnitReportReporter -->
<testsuite hostname="LAPTOP-FD7TKB4I" failures="0" tests="1" name="restassuredTests.PUT_Request" time="3.440" errors="0" timestamp="2024-08-12T11:48:17 IST" skipped="0">
  <testcase classname="restassuredTests.PUT_Request" name="testPut" time="3.440"/>
</testsuite> <!-- restassuredTests.PUT_Request -->
