<?xml version="1.0" encoding="UTF-8"?>
<!-- Generated by org.testng.reporters.JUnitReportReporter -->
<testsuite hostname="LAPTOP-FD7TKB4I" failures="0" tests="1" name="restassuredTests.GET2_Req" time="3.699" errors="0" timestamp="2024-08-10T21:09:14 IST" skipped="0">
  <testcase classname="restassuredTests.GET2_Req" name="getNorway" time="3.699"/>
</testsuite> <!-- restassuredTests.GET2_Req -->
