<?xml version="1.0" encoding="UTF-8"?>
<!-- Generated by org.testng.reporters.JUnitReportReporter -->
<testsuite hostname="LAPTOP-FD7TKB4I" failures="0" tests="1" name="restassuredTests.GET1_Req" time="3.495" errors="0" timestamp="2024-08-12T11:43:13 IST" skipped="0">
  <testcase classname="restassuredTests.GET1_Req" name="get" time="3.495"/>
</testsuite> <!-- restassuredTests.GET1_Req -->
