<?xml version="1.0" encoding="UTF-8"?>
<!-- Generated by org.testng.reporters.JUnitReportReporter -->
<testsuite hostname="LAPTOP-FD7TKB4I" failures="0" tests="1" name="restassuredTests.Get2Req" time="2.884" errors="0" timestamp="2024-08-10T19:45:27 IST" skipped="0">
  <testcase classname="restassuredTests.Get2Req" name="get" time="2.884"/>
</testsuite> <!-- restassuredTests.Get2Req -->
