<?xml version="1.0" encoding="UTF-8"?>
<!-- Generated by org.testng.reporters.JUnitReportReporter -->
<testsuite hostname="LAPTOP-FD7TKB4I" failures="0" tests="1" name="restassuredTests.POST_Request" time="3.507" errors="0" timestamp="2024-08-12T11:46:04 IST" skipped="0">
  <testcase classname="restassuredTests.POST_Request" name="testPost" time="3.507"/>
</testsuite> <!-- restassuredTests.POST_Request -->
